{"level":"info","message":"featuredcars","service":"vroom-backend","timestamp":"2025-12-18 16:52:05"}
{"level":"info","message":"reached at getAllCars controller","service":"vroom-backend","timestamp":"2025-12-18 16:52:28"}
{"0":"T","1":"o","2":"t","3":"a","4":"l","5":":","level":"info","message":"Cars:","service":"vroom-backend","timestamp":"2025-12-18 16:52:28"}
{"level":"info","message":"checking login things","service":"vroom-backend","timestamp":"2025-12-24 09:25:28"}
{"level":"info","message":{"__v":0,"_id":"67da7fafd1e033b83f045885","email":"admin@vroom.com","password":"$2b$10$Tpp7WDlOSoKYzuWaGc81lOzKJA97.yHRauXtSesbrrKgk3kFWdVHS","refreshToken":"eyJhbGciOiJIUzI1NiIsInR5cCI6IkpXVCJ9.eyJpZCI6IjY3ZGE3ZmFmZDFlMDMzYjgzZjA0NTg4NSIsImlhdCI6MTc2NjAzNjk5NSwiZXhwIjoxNzY2NjQxNzk1fQ.ShQvT4cOoLRfz0hg2tT6WkqKPKfXmnmM9wo5di-vUNc"},"service":"vroom-backend","timestamp":"2025-12-24 09:25:28"}
{"level":"info","message":{"__v":0,"_id":"67da7fafd1e033b83f045885","email":"admin@vroom.com","password":"$2b$10$Tpp7WDlOSoKYzuWaGc81lOzKJA97.yHRauXtSesbrrKgk3kFWdVHS","refreshToken":"eyJhbGciOiJIUzI1NiIsInR5cCI6IkpXVCJ9.eyJpZCI6IjY3ZGE3ZmFmZDFlMDMzYjgzZjA0NTg4NSIsImlhdCI6MTc2NjAzNjk5NSwiZXhwIjoxNzY2NjQxNzk1fQ.ShQvT4cOoLRfz0hg2tT6WkqKPKfXmnmM9wo5di-vUNc"},"service":"vroom-backend","timestamp":"2025-12-24 09:25:29"}
{"$__":{"activePaths":{"paths":{"__v":"init","_id":"init","email":"init","password":"init","refreshToken":"init"},"states":{"init":{"__v":true,"_id":true,"email":true,"password":true,"refreshToken":true},"require":{}}},"skipId":true},"$isNew":false,"_doc":{"__v":0,"_id":"67da7fafd1e033b83f045885","email":"admin@vroom.com","password":"$2b$10$Tpp7WDlOSoKYzuWaGc81lOzKJA97.yHRauXtSesbrrKgk3kFWdVHS","refreshToken":"eyJhbGciOiJIUzI1NiIsInR5cCI6IkpXVCJ9.eyJpZCI6IjY3ZGE3ZmFmZDFlMDMzYjgzZjA0NTg4NSIsImlhdCI6MTc2NjU0ODUyOSwiZXhwIjoxNzY3MTUzMzI5fQ.vtXVrO6FV-9-7ugfm17d1g7kjG_wb6S5F0S2W4kPzSY"},"level":"info","message":"admin refreshcheck","service":"vroom-backend","timestamp":"2025-12-24 09:25:29"}
{"level":"info","message":{"__v":0,"_id":"67da7fafd1e033b83f045885","email":"admin@vroom.com","password":"$2b$10$Tpp7WDlOSoKYzuWaGc81lOzKJA97.yHRauXtSesbrrKgk3kFWdVHS","refreshToken":"eyJhbGciOiJIUzI1NiIsInR5cCI6IkpXVCJ9.eyJpZCI6IjY3ZGE3ZmFmZDFlMDMzYjgzZjA0NTg4NSIsImlhdCI6MTc2NjU0ODUyOSwiZXhwIjoxNzY3MTUzMzI5fQ.vtXVrO6FV-9-7ugfm17d1g7kjG_wb6S5F0S2W4kPzSY"},"service":"vroom-backend","timestamp":"2025-12-24 09:25:29"}
{"level":"info","message":"eyJhbGciOiJIUzI1NiIsInR5cCI6IkpXVCJ9.eyJpZCI6IjY3ZGE3ZmFmZDFlMDMzYjgzZjA0NTg4NSIsImlhdCI6MTc2NjU0ODUyOSwiZXhwIjoxNzY3MTUzMzI5fQ.vtXVrO6FV-9-7ugfm17d1g7kjG_wb6S5F0S2W4kPzSY","service":"vroom-backend","timestamp":"2025-12-24 09:25:29"}
{"level":"info","message":"reached222","service":"vroom-backend","timestamp":"2025-12-24 09:26:01"}
{"level":"info","message":"reached222","service":"vroom-backend","timestamp":"2025-12-24 09:26:02"}
{"level":"info","message":"Finished calling listAllBookings()","service":"vroom-backend","timestamp":"2025-12-24 09:26:32"}
{"level":"info","message":[{"bookingId":"VROOM-RIDE-0043","carId":"68a4786c5d2fbb72b4c1f795","createdAt":"2025-12-18T05:53:16.307Z","customerId":"67fa5bf336e6843dc19afdaa","endDate":"2025-12-22T18:29:59.999Z","id":"694396cc108789d09a9111f7","startDate":"2025-12-22T00:00:00.000Z","status":"confirmed"},{"bookingId":"VROOM-RIDE-0042","carId":"68a4786c5d2fbb72b4c1f795","createdAt":"2025-12-18T03:59:14.482Z","customerId":"67fa5bf336e6843dc19afdaa","endDate":"2025-12-31T18:29:59.999Z","id":"69437c12e66d6711b5648f0f","startDate":"2025-12-31T00:00:00.000Z","status":"confirmed"},{"bookingId":"VROOM-RIDE-0041","carId":"68a4786c5d2fbb72b4c1f795","createdAt":"2025-12-12T06:31:18.994Z","customerId":"67fa5bf336e6843dc19afdaa","endDate":"2025-12-25T18:29:59.999Z","id":"693bb6b65f3ddf870bf87a40","startDate":"2025-12-25T00:00:00.000Z","status":"confirmed"},{"bookingId":"VROOM-RIDE-0040","carId":"68a4786c5d2fbb72b4c1f795","createdAt":"2025-12-12T06:28:26.882Z","customerId":"67fa5bf336e6843dc19afdaa","endDate":"2025-12-24T18:29:59.999Z","id":"693bb60a5f3ddf870bf87a0c","startDate":"2025-12-24T00:00:00.000Z","status":"confirmed"},{"bookingId":"VROOM-RIDE-0039","carId":"67fdfa5da09e835d4a0ce1d7","createdAt":"2025-12-12T06:04:43.216Z","customerId":"67fa5bf336e6843dc19afdaa","endDate":"2025-12-30T18:29:59.999Z","id":"693bb07b5f3ddf870bf879bf","startDate":"2025-12-30T00:00:00.000Z","status":"confirmed"}],"service":"vroom-backend","timestamp":"2025-12-24 09:26:32"}
{"level":"info","message":"Finished calling listAllBookings()","service":"vroom-backend","timestamp":"2025-12-24 09:26:33"}
{"level":"info","message":[{"bookingId":"VROOM-RIDE-0043","carId":"68a4786c5d2fbb72b4c1f795","createdAt":"2025-12-18T05:53:16.307Z","customerId":"67fa5bf336e6843dc19afdaa","endDate":"2025-12-22T18:29:59.999Z","id":"694396cc108789d09a9111f7","startDate":"2025-12-22T00:00:00.000Z","status":"confirmed"},{"bookingId":"VROOM-RIDE-0042","carId":"68a4786c5d2fbb72b4c1f795","createdAt":"2025-12-18T03:59:14.482Z","customerId":"67fa5bf336e6843dc19afdaa","endDate":"2025-12-31T18:29:59.999Z","id":"69437c12e66d6711b5648f0f","startDate":"2025-12-31T00:00:00.000Z","status":"confirmed"},{"bookingId":"VROOM-RIDE-0041","carId":"68a4786c5d2fbb72b4c1f795","createdAt":"2025-12-12T06:31:18.994Z","customerId":"67fa5bf336e6843dc19afdaa","endDate":"2025-12-25T18:29:59.999Z","id":"693bb6b65f3ddf870bf87a40","startDate":"2025-12-25T00:00:00.000Z","status":"confirmed"},{"bookingId":"VROOM-RIDE-0040","carId":"68a4786c5d2fbb72b4c1f795","createdAt":"2025-12-12T06:28:26.882Z","customerId":"67fa5bf336e6843dc19afdaa","endDate":"2025-12-24T18:29:59.999Z","id":"693bb60a5f3ddf870bf87a0c","startDate":"2025-12-24T00:00:00.000Z","status":"confirmed"},{"bookingId":"VROOM-RIDE-0039","carId":"67fdfa5da09e835d4a0ce1d7","createdAt":"2025-12-12T06:04:43.216Z","customerId":"67fa5bf336e6843dc19afdaa","endDate":"2025-12-30T18:29:59.999Z","id":"693bb07b5f3ddf870bf879bf","startDate":"2025-12-30T00:00:00.000Z","status":"confirmed"}],"service":"vroom-backend","timestamp":"2025-12-24 09:26:33"}
{"level":"info","message":"featuredcars","service":"vroom-backend","timestamp":"2025-12-31 19:50:56"}
{"level":"info","message":"checking login things","service":"vroom-backend","timestamp":"2025-12-31 19:51:12"}
{"level":"info","message":"block status checking..................","service":"vroom-backend","timestamp":"2025-12-31 19:51:14"}
{"level":"info","message":"block status checking..................","service":"vroom-backend","timestamp":"2025-12-31 19:51:16"}
{"level":"info","message":"featuredcars","service":"vroom-backend","timestamp":"2025-12-31 19:51:17"}
{"level":"info","message":"block status checking..................","service":"vroom-backend","timestamp":"2025-12-31 19:51:21"}
{"level":"info","message":"block status checking..................","service":"vroom-backend","timestamp":"2025-12-31 19:51:28"}
{"level":"info","message":"block status checking..................","service":"vroom-backend","timestamp":"2025-12-31 19:51:37"}
{"level":"info","message":"block status checking..................","service":"vroom-backend","timestamp":"2025-12-31 19:51:37"}
{"level":"info","message":"block status checking..................","service":"vroom-backend","timestamp":"2025-12-31 19:51:38"}
{"level":"info","message":"block status checking..................","service":"vroom-backend","timestamp":"2025-12-31 19:51:40"}
{"level":"info","message":"block status checking..................","service":"vroom-backend","timestamp":"2025-12-31 19:51:50"}
{"level":"info","message":"block status checking..................","service":"vroom-backend","timestamp":"2025-12-31 19:52:36"}
{"level":"info","message":"block status checking..................","service":"vroom-backend","timestamp":"2025-12-31 19:52:36"}
{"level":"info","message":"block status checking..................","service":"vroom-backend","timestamp":"2025-12-31 19:52:53"}
{"level":"info","message":"block status checking..................","service":"vroom-backend","timestamp":"2025-12-31 19:52:56"}
{"level":"info","message":"block status checking..................","service":"vroom-backend","timestamp":"2025-12-31 19:52:56"}
{"level":"info","message":"block status checking..................","service":"vroom-backend","timestamp":"2025-12-31 19:53:26"}
{"level":"info","message":"block status checking..................","service":"vroom-backend","timestamp":"2025-12-31 19:53:27"}
{"level":"info","message":"block status checking..................","service":"vroom-backend","timestamp":"2025-12-31 19:53:28"}
{"level":"info","message":"block status checking..................","service":"vroom-backend","timestamp":"2025-12-31 19:53:28"}
{"level":"info","message":"block status checking..................","service":"vroom-backend","timestamp":"2025-12-31 19:53:30"}
{"level":"info","message":"block status checking..................","service":"vroom-backend","timestamp":"2025-12-31 19:53:31"}
{"level":"info","message":"block status checking..................","service":"vroom-backend","timestamp":"2025-12-31 19:53:32"}
{"level":"info","message":"block status checking..................","service":"vroom-backend","timestamp":"2025-12-31 20:00:12"}
{"level":"info","message":"block status checking..................","service":"vroom-backend","timestamp":"2025-12-31 20:00:14"}
{"level":"info","message":"block status checking..................","service":"vroom-backend","timestamp":"2025-12-31 20:00:15"}
{"level":"info","message":"block status checking..................","service":"vroom-backend","timestamp":"2025-12-31 20:00:33"}
{"level":"info","message":"block status checking..................","service":"vroom-backend","timestamp":"2025-12-31 20:00:37"}
{"level":"info","message":"block status checking..................","service":"vroom-backend","timestamp":"2025-12-31 20:00:37"}
{"level":"info","message":"block status checking..................","service":"vroom-backend","timestamp":"2025-12-31 20:00:38"}
{"level":"info","message":"block status checking..................","service":"vroom-backend","timestamp":"2025-12-31 20:00:40"}
{"level":"info","message":"block status checking..................","service":"vroom-backend","timestamp":"2025-12-31 20:00:41"}
{"level":"info","message":"block status checking..................","service":"vroom-backend","timestamp":"2025-12-31 20:00:41"}
{"level":"info","message":"block status checking..................","service":"vroom-backend","timestamp":"2025-12-31 20:00:42"}
{"level":"info","message":"block status checking..................","service":"vroom-backend","timestamp":"2025-12-31 20:00:43"}
{"level":"info","message":"block status checking..................","service":"vroom-backend","timestamp":"2025-12-31 20:00:43"}
{"level":"info","message":"block status checking..................","service":"vroom-backend","timestamp":"2025-12-31 20:00:44"}
{"level":"info","message":"block status checking..................","service":"vroom-backend","timestamp":"2025-12-31 20:01:23"}
{"level":"info","message":"block status checking..................","service":"vroom-backend","timestamp":"2025-12-31 20:01:23"}
{"level":"info","message":"block status checking..................","service":"vroom-backend","timestamp":"2025-12-31 20:01:27"}
{"level":"info","message":"block status checking..................","service":"vroom-backend","timestamp":"2025-12-31 20:01:34"}
{"level":"info","message":"block status checking..................","service":"vroom-backend","timestamp":"2025-12-31 20:06:30"}
{"level":"info","message":"block status checking..................","service":"vroom-backend","timestamp":"2025-12-31 20:06:32"}
{"level":"info","message":"block status checking..................","service":"vroom-backend","timestamp":"2025-12-31 20:06:57"}
{"level":"info","message":"block status checking..................","service":"vroom-backend","timestamp":"2025-12-31 20:07:02"}
{"level":"info","message":"block status checking..................","service":"vroom-backend","timestamp":"2025-12-31 20:08:29"}
{"level":"info","message":"block status checking..................","service":"vroom-backend","timestamp":"2025-12-31 20:08:30"}
{"level":"info","message":"block status checking..................","service":"vroom-backend","timestamp":"2025-12-31 20:08:42"}
{"level":"info","message":"block status checking..................","service":"vroom-backend","timestamp":"2025-12-31 20:08:44"}
{"level":"info","message":"block status checking..................","service":"vroom-backend","timestamp":"2025-12-31 20:08:46"}
{"level":"info","message":"block status checking..................","service":"vroom-backend","timestamp":"2025-12-31 20:08:47"}
{"level":"info","message":"block status checking..................","service":"vroom-backend","timestamp":"2025-12-31 20:08:48"}
{"level":"info","message":"block status checking..................","service":"vroom-backend","timestamp":"2025-12-31 20:09:14"}
{"level":"info","message":"block status checking..................","service":"vroom-backend","timestamp":"2025-12-31 20:09:16"}
{"level":"info","message":"block status checking..................","service":"vroom-backend","timestamp":"2025-12-31 20:09:20"}
{"level":"info","message":"block status checking..................","service":"vroom-backend","timestamp":"2025-12-31 20:09:20"}
{"level":"info","message":"block status checking..................","service":"vroom-backend","timestamp":"2025-12-31 20:09:35"}
{"level":"info","message":"block status checking..................","service":"vroom-backend","timestamp":"2025-12-31 20:10:58"}
{"level":"info","message":"block status checking..................","service":"vroom-backend","timestamp":"2025-12-31 20:12:54"}
{"level":"info","message":"block status checking..................","service":"vroom-backend","timestamp":"2025-12-31 20:12:56"}
{"level":"info","message":"block status checking..................","service":"vroom-backend","timestamp":"2025-12-31 20:17:31"}
{"level":"info","message":"block status checking..................","service":"vroom-backend","timestamp":"2025-12-31 20:17:34"}
{"level":"info","message":"block status checking..................","service":"vroom-backend","timestamp":"2025-12-31 20:17:35"}
{"level":"info","message":"block status checking..................","service":"vroom-backend","timestamp":"2025-12-31 20:17:35"}
{"level":"info","message":"block status checking..................","service":"vroom-backend","timestamp":"2025-12-31 20:17:45"}
{"level":"info","message":"block status checking..................","service":"vroom-backend","timestamp":"2025-12-31 20:17:46"}
{"level":"info","message":"block status checking..................","service":"vroom-backend","timestamp":"2025-12-31 20:17:57"}
{"level":"info","message":"block status checking..................","service":"vroom-backend","timestamp":"2025-12-31 20:17:58"}
{"level":"info","message":"block status checking..................","service":"vroom-backend","timestamp":"2025-12-31 20:18:19"}
{"level":"info","message":"block status checking..................","service":"vroom-backend","timestamp":"2025-12-31 20:18:27"}
{"level":"info","message":"block status checking..................","service":"vroom-backend","timestamp":"2025-12-31 20:18:27"}
{"level":"info","message":"checking login things","service":"vroom-backend","timestamp":"2025-12-31 20:21:41"}
{"level":"info","message":"block status checking..................","service":"vroom-backend","timestamp":"2025-12-31 20:21:42"}
{"level":"info","message":"block status checking..................","service":"vroom-backend","timestamp":"2025-12-31 20:21:42"}
{"level":"info","message":"featuredcars","service":"vroom-backend","timestamp":"2025-12-31 20:21:43"}
{"level":"info","message":"block status checking..................","service":"vroom-backend","timestamp":"2025-12-31 20:21:45"}
{"level":"info","message":"block status checking..................","service":"vroom-backend","timestamp":"2025-12-31 20:21:48"}
{"level":"info","message":"block status checking..................","service":"vroom-backend","timestamp":"2025-12-31 20:22:07"}
{"level":"info","message":"Total bookings count:","service":"vroom-backend","timestamp":"2025-12-31 20:22:11"}
{"level":"info","message":"Total bookings count:","service":"vroom-backend","timestamp":"2025-12-31 20:22:12"}
{"level":"info","message":"block status checking..................","service":"vroom-backend","timestamp":"2025-12-31 20:22:26"}
{"level":"info","message":"checking login things","service":"vroom-backend","timestamp":"2025-12-31 20:29:33"}
{"level":"info","message":"block status checking..................","service":"vroom-backend","timestamp":"2025-12-31 20:29:34"}
{"level":"info","message":"block status checking..................","service":"vroom-backend","timestamp":"2025-12-31 20:29:35"}
{"level":"info","message":"featuredcars","service":"vroom-backend","timestamp":"2025-12-31 20:29:36"}
{"level":"info","message":"block status checking..................","service":"vroom-backend","timestamp":"2025-12-31 20:29:37"}
{"level":"info","message":"block status checking..................","service":"vroom-backend","timestamp":"2025-12-31 20:29:41"}
{"level":"info","message":"block status checking..................","service":"vroom-backend","timestamp":"2025-12-31 20:43:45"}
{"level":"info","message":"block status checking..................","service":"vroom-backend","timestamp":"2025-12-31 20:44:18"}
{"level":"info","message":"featuredcars","service":"vroom-backend","timestamp":"2025-12-31 20:44:33"}
{"level":"info","message":"checking login things","service":"vroom-backend","timestamp":"2025-12-31 20:44:45"}
{"level":"info","message":"block status checking..................","service":"vroom-backend","timestamp":"2025-12-31 20:44:46"}
{"level":"info","message":"block status checking..................","service":"vroom-backend","timestamp":"2025-12-31 20:44:46"}
{"level":"info","message":"featuredcars","service":"vroom-backend","timestamp":"2025-12-31 20:44:47"}
{"level":"info","message":"block status checking..................","service":"vroom-backend","timestamp":"2025-12-31 20:44:49"}
{"level":"info","message":"block status checking..................","service":"vroom-backend","timestamp":"2025-12-31 20:44:52"}
{"level":"info","message":"block status checking..................","service":"vroom-backend","timestamp":"2025-12-31 20:53:12"}
{"level":"info","message":"block status checking..................","service":"vroom-backend","timestamp":"2025-12-31 20:55:11"}
{"level":"info","message":"block status checking..................","service":"vroom-backend","timestamp":"2025-12-31 20:55:19"}
{"level":"info","message":"block status checking..................","service":"vroom-backend","timestamp":"2025-12-31 21:04:21"}
{"level":"info","message":"block status checking..................","service":"vroom-backend","timestamp":"2025-12-31 21:04:26"}
{"level":"info","message":"block status checking..................","service":"vroom-backend","timestamp":"2025-12-31 21:04:29"}
{"level":"info","message":"block status checking..................","service":"vroom-backend","timestamp":"2025-12-31 21:04:38"}
{"level":"info","message":"block status checking..................","service":"vroom-backend","timestamp":"2025-12-31 21:04:40"}
{"level":"info","message":"block status checking..................","service":"vroom-backend","timestamp":"2025-12-31 21:04:52"}
{"level":"info","message":"block status checking..................","service":"vroom-backend","timestamp":"2025-12-31 21:05:04"}
{"level":"info","message":"checking login things","service":"vroom-backend","timestamp":"2025-12-31 21:05:22"}
{"level":"info","message":"block status checking..................","service":"vroom-backend","timestamp":"2025-12-31 21:05:23"}
{"level":"info","message":"block status checking..................","service":"vroom-backend","timestamp":"2025-12-31 21:05:23"}
{"level":"info","message":"featuredcars","service":"vroom-backend","timestamp":"2025-12-31 21:05:24"}
{"level":"info","message":"block status checking..................","service":"vroom-backend","timestamp":"2025-12-31 21:05:29"}
{"level":"info","message":"block status checking..................","service":"vroom-backend","timestamp":"2025-12-31 21:05:33"}
{"level":"info","message":"block status checking..................","service":"vroom-backend","timestamp":"2025-12-31 21:05:42"}
{"level":"info","message":"featuredcars","service":"vroom-backend","timestamp":"2025-12-31 21:07:31"}
{"level":"info","message":"block status checking..................","service":"vroom-backend","timestamp":"2025-12-31 21:07:31"}
{"level":"info","message":"featuredcars","service":"vroom-backend","timestamp":"2025-12-31 21:07:34"}
{"level":"info","message":"checking login things","service":"vroom-backend","timestamp":"2025-12-31 21:07:47"}
{"level":"info","message":"checking login things","service":"vroom-backend","timestamp":"2025-12-31 21:07:48"}
{"level":"info","message":"block status checking..................","service":"vroom-backend","timestamp":"2025-12-31 21:07:49"}
{"level":"info","message":"block status checking..................","service":"vroom-backend","timestamp":"2025-12-31 21:07:50"}
{"level":"info","message":"block status checking..................","service":"vroom-backend","timestamp":"2025-12-31 21:07:50"}
{"level":"info","message":"block status checking..................","service":"vroom-backend","timestamp":"2025-12-31 21:07:52"}
{"level":"info","message":"featuredcars","service":"vroom-backend","timestamp":"2025-12-31 21:07:53"}
{"level":"info","message":"block status checking..................","service":"vroom-backend","timestamp":"2025-12-31 21:07:55"}
{"level":"info","message":"block status checking..................","service":"vroom-backend","timestamp":"2025-12-31 21:07:59"}
{"level":"info","message":"block status checking..................","service":"vroom-backend","timestamp":"2025-12-31 21:15:15"}
{"level":"info","message":"block status checking..................","service":"vroom-backend","timestamp":"2025-12-31 21:15:53"}
{"level":"info","message":"checking login things","service":"vroom-backend","timestamp":"2025-12-31 21:16:15"}
{"level":"info","message":"block status checking..................","service":"vroom-backend","timestamp":"2025-12-31 21:16:16"}
{"level":"info","message":"block status checking..................","service":"vroom-backend","timestamp":"2025-12-31 21:16:16"}
{"level":"info","message":"featuredcars","service":"vroom-backend","timestamp":"2025-12-31 21:16:17"}
{"level":"info","message":"block status checking..................","service":"vroom-backend","timestamp":"2025-12-31 21:16:19"}
{"level":"info","message":"block status checking..................","service":"vroom-backend","timestamp":"2025-12-31 21:16:24"}
{"level":"info","message":"block status checking..................","service":"vroom-backend","timestamp":"2025-12-31 21:23:03"}
{"level":"info","message":"featuredcars","service":"vroom-backend","timestamp":"2026-01-01 06:47:32"}
{"level":"info","message":"checking login things","service":"vroom-backend","timestamp":"2026-01-01 06:49:41"}
{"level":"info","message":"block status checking..................","service":"vroom-backend","timestamp":"2026-01-01 06:49:43"}
{"level":"info","message":"block status checking..................","service":"vroom-backend","timestamp":"2026-01-01 06:49:45"}
{"level":"info","message":"featuredcars","service":"vroom-backend","timestamp":"2026-01-01 06:49:46"}
{"level":"info","message":"checking login things","service":"vroom-backend","timestamp":"2026-01-01 06:50:40"}
{"level":"info","message":"block status checking..................","service":"vroom-backend","timestamp":"2026-01-01 06:50:41"}
{"level":"info","message":"block status checking..................","service":"vroom-backend","timestamp":"2026-01-01 06:50:41"}
{"level":"info","message":"featuredcars","service":"vroom-backend","timestamp":"2026-01-01 06:50:42"}
{"level":"info","message":"block status checking..................","service":"vroom-backend","timestamp":"2026-01-01 06:57:21"}
{"level":"info","message":"block status checking..................","service":"vroom-backend","timestamp":"2026-01-01 06:57:29"}
{"level":"info","message":"featuredcars","service":"vroom-backend","timestamp":"2026-01-01 06:57:34"}
{"level":"info","message":"block status checking..................","service":"vroom-backend","timestamp":"2026-01-01 06:57:43"}
{"level":"info","message":"featuredcars","service":"vroom-backend","timestamp":"2026-01-01 06:57:45"}
{"level":"info","message":"checking login things","service":"vroom-backend","timestamp":"2026-01-01 06:58:55"}
{"level":"info","message":"block status checking..................","service":"vroom-backend","timestamp":"2026-01-01 06:59:04"}
{"level":"info","message":"block status checking..................","service":"vroom-backend","timestamp":"2026-01-01 06:59:04"}
{"level":"info","message":"featuredcars","service":"vroom-backend","timestamp":"2026-01-01 06:59:05"}
{"level":"info","message":"checking login things","service":"vroom-backend","timestamp":"2026-01-01 07:00:14"}
{"level":"info","message":"block status checking..................","service":"vroom-backend","timestamp":"2026-01-01 07:00:17"}
{"level":"info","message":"block status checking..................","service":"vroom-backend","timestamp":"2026-01-01 07:00:17"}
{"level":"info","message":"featuredcars","service":"vroom-backend","timestamp":"2026-01-01 07:00:17"}
{"level":"info","message":"block status checking..................","service":"vroom-backend","timestamp":"2026-01-01 07:03:50"}
{"level":"info","message":"block status checking..................","service":"vroom-backend","timestamp":"2026-01-01 07:03:55"}
{"level":"info","message":"featuredcars","service":"vroom-backend","timestamp":"2026-01-01 07:04:01"}
{"level":"info","message":"block status checking..................","service":"vroom-backend","timestamp":"2026-01-01 07:07:13"}
{"level":"info","message":"block status checking..................","service":"vroom-backend","timestamp":"2026-01-01 07:09:58"}
{"level":"info","message":"block status checking..................","service":"vroom-backend","timestamp":"2026-01-01 07:10:05"}
{"level":"info","message":"block status checking..................","service":"vroom-backend","timestamp":"2026-01-01 07:10:18"}
{"level":"info","message":"featuredcars","service":"vroom-backend","timestamp":"2026-01-01 07:10:21"}
{"level":"info","message":"block status checking..................","service":"vroom-backend","timestamp":"2026-01-01 07:15:34"}
{"level":"info","message":"block status checking..................","service":"vroom-backend","timestamp":"2026-01-01 07:15:44"}
{"level":"info","message":"block status checking..................","service":"vroom-backend","timestamp":"2026-01-01 07:15:45"}
{"level":"info","message":"block status checking..................","service":"vroom-backend","timestamp":"2026-01-01 07:15:46"}
{"level":"info","message":"block status checking..................","service":"vroom-backend","timestamp":"2026-01-01 07:15:47"}
{"level":"info","message":"block status checking..................","service":"vroom-backend","timestamp":"2026-01-01 07:15:48"}
{"level":"info","message":"block status checking..................","service":"vroom-backend","timestamp":"2026-01-01 07:15:49"}
{"level":"info","message":"block status checking..................","service":"vroom-backend","timestamp":"2026-01-01 07:15:50"}
{"level":"info","message":"block status checking..................","service":"vroom-backend","timestamp":"2026-01-01 07:15:51"}
{"level":"info","message":"block status checking..................","service":"vroom-backend","timestamp":"2026-01-01 07:15:51"}
{"level":"info","message":"block status checking..................","service":"vroom-backend","timestamp":"2026-01-01 07:15:51"}
{"level":"info","message":"block status checking..................","service":"vroom-backend","timestamp":"2026-01-01 07:15:52"}
{"level":"info","message":"block status checking..................","service":"vroom-backend","timestamp":"2026-01-01 07:15:52"}
{"level":"info","message":"block status checking..................","service":"vroom-backend","timestamp":"2026-01-01 07:15:53"}
{"level":"info","message":"block status checking..................","service":"vroom-backend","timestamp":"2026-01-01 07:15:53"}
{"level":"info","message":"block status checking..................","service":"vroom-backend","timestamp":"2026-01-01 07:15:53"}
{"level":"info","message":"reached at getAllCars controller","service":"vroom-backend","timestamp":"2026-01-01 07:16:01"}
{"0":"T","1":"o","2":"t","3":"a","4":"l","5":":","level":"info","message":"Cars:","service":"vroom-backend","timestamp":"2026-01-01 07:16:02"}
{"level":"info","message":"reached at getAllCars controller","service":"vroom-backend","timestamp":"2026-01-01 07:16:06"}
{"0":"T","1":"o","2":"t","3":"a","4":"l","5":":","level":"info","message":"Cars:","service":"vroom-backend","timestamp":"2026-01-01 07:16:07"}
{"level":"info","message":"reached at getAllCars controller","service":"vroom-backend","timestamp":"2026-01-01 07:16:09"}
{"0":"T","1":"o","2":"t","3":"a","4":"l","5":":","level":"info","message":"Cars:","service":"vroom-backend","timestamp":"2026-01-01 07:16:09"}
{"0":{"end":"2025-12-19T18:29:59.999Z","start":"2025-12-19T00:00:00.000Z"},"1":{"end":"2025-12-11T18:29:59.999Z","start":"2025-12-11T00:00:00.000Z"},"2":{"end":"2025-12-13T18:29:59.999Z","start":"2025-12-13T00:00:00.000Z"},"3":{"end":"2025-12-30T18:29:59.999Z","start":"2025-12-30T00:00:00.000Z"},"level":"info","message":"bookedRanges","service":"vroom-backend","timestamp":"2026-01-01 07:17:11"}
{"0":{"end":"2025-12-19T18:29:59.999Z","start":"2025-12-19T00:00:00.000Z"},"1":{"end":"2025-12-11T18:29:59.999Z","start":"2025-12-11T00:00:00.000Z"},"2":{"end":"2025-12-13T18:29:59.999Z","start":"2025-12-13T00:00:00.000Z"},"3":{"end":"2025-12-30T18:29:59.999Z","start":"2025-12-30T00:00:00.000Z"},"level":"info","message":"bookedRanges","service":"vroom-backend","timestamp":"2026-01-01 07:17:12"}
{"level":"info","message":"reached at getAllCars controller","service":"vroom-backend","timestamp":"2026-01-01 07:17:22"}
{"0":"T","1":"o","2":"t","3":"a","4":"l","5":":","level":"info","message":"Cars:","service":"vroom-backend","timestamp":"2026-01-01 07:17:22"}
{"0":{"end":"2025-04-27T00:00:00.000Z","start":"2025-04-26T00:00:00.000Z"},"1":{"end":"2025-05-03T00:00:00.000Z","start":"2025-05-01T00:00:00.000Z"},"2":{"end":"2025-05-07T00:00:00.000Z","start":"2025-05-06T00:00:00.000Z"},"3":{"end":"2025-05-15T00:00:00.000Z","start":"2025-05-14T00:00:00.000Z"},"4":{"end":"2025-08-31T00:00:00.000Z","start":"2025-08-30T00:00:00.000Z"},"5":{"end":"2025-10-29T18:29:59.999Z","start":"2025-10-29T00:00:00.000Z"},"6":{"end":"2025-10-17T18:29:59.999Z","start":"2025-10-17T00:00:00.000Z"},"level":"info","message":"bookedRanges","service":"vroom-backend","timestamp":"2026-01-01 07:17:24"}
{"0":{"end":"2025-04-27T00:00:00.000Z","start":"2025-04-26T00:00:00.000Z"},"1":{"end":"2025-05-03T00:00:00.000Z","start":"2025-05-01T00:00:00.000Z"},"2":{"end":"2025-05-07T00:00:00.000Z","start":"2025-05-06T00:00:00.000Z"},"3":{"end":"2025-05-15T00:00:00.000Z","start":"2025-05-14T00:00:00.000Z"},"4":{"end":"2025-08-31T00:00:00.000Z","start":"2025-08-30T00:00:00.000Z"},"5":{"end":"2025-10-29T18:29:59.999Z","start":"2025-10-29T00:00:00.000Z"},"6":{"end":"2025-10-17T18:29:59.999Z","start":"2025-10-17T00:00:00.000Z"},"level":"info","message":"bookedRanges","service":"vroom-backend","timestamp":"2026-01-01 07:17:25"}
{"level":"info","message":"reached at getAllCars controller","service":"vroom-backend","timestamp":"2026-01-01 07:17:29"}
{"0":"T","1":"o","2":"t","3":"a","4":"l","5":":","level":"info","message":"Cars:","service":"vroom-backend","timestamp":"2026-01-01 07:17:29"}
{"level":"info","message":"reached at getAllCars controller","service":"vroom-backend","timestamp":"2026-01-01 07:21:20"}
{"0":"T","1":"o","2":"t","3":"a","4":"l","5":":","level":"info","message":"Cars:","service":"vroom-backend","timestamp":"2026-01-01 07:21:22"}
{"0":{"end":"2025-12-19T18:29:59.999Z","start":"2025-12-19T00:00:00.000Z"},"1":{"end":"2025-12-11T18:29:59.999Z","start":"2025-12-11T00:00:00.000Z"},"2":{"end":"2025-12-13T18:29:59.999Z","start":"2025-12-13T00:00:00.000Z"},"3":{"end":"2025-12-30T18:29:59.999Z","start":"2025-12-30T00:00:00.000Z"},"level":"info","message":"bookedRanges","service":"vroom-backend","timestamp":"2026-01-01 07:21:24"}
{"0":{"end":"2025-12-19T18:29:59.999Z","start":"2025-12-19T00:00:00.000Z"},"1":{"end":"2025-12-11T18:29:59.999Z","start":"2025-12-11T00:00:00.000Z"},"2":{"end":"2025-12-13T18:29:59.999Z","start":"2025-12-13T00:00:00.000Z"},"3":{"end":"2025-12-30T18:29:59.999Z","start":"2025-12-30T00:00:00.000Z"},"level":"info","message":"bookedRanges","service":"vroom-backend","timestamp":"2026-01-01 07:21:24"}
{"level":"info","message":"block status checking..................","service":"vroom-backend","timestamp":"2026-01-01 07:21:29"}
{"level":"info","message":"block status checking..................","service":"vroom-backend","timestamp":"2026-01-01 07:21:34"}
{"0":{"end":"2025-12-19T18:29:59.999Z","start":"2025-12-19T00:00:00.000Z"},"1":{"end":"2025-12-11T18:29:59.999Z","start":"2025-12-11T00:00:00.000Z"},"2":{"end":"2025-12-13T18:29:59.999Z","start":"2025-12-13T00:00:00.000Z"},"3":{"end":"2025-12-30T18:29:59.999Z","start":"2025-12-30T00:00:00.000Z"},"level":"info","message":"bookedRanges","service":"vroom-backend","timestamp":"2026-01-01 07:21:38"}
{"0":{"end":"2025-12-19T18:29:59.999Z","start":"2025-12-19T00:00:00.000Z"},"1":{"end":"2025-12-11T18:29:59.999Z","start":"2025-12-11T00:00:00.000Z"},"2":{"end":"2025-12-13T18:29:59.999Z","start":"2025-12-13T00:00:00.000Z"},"3":{"end":"2025-12-30T18:29:59.999Z","start":"2025-12-30T00:00:00.000Z"},"level":"info","message":"bookedRanges","service":"vroom-backend","timestamp":"2026-01-01 07:21:38"}
{"level":"info","message":"checking login things","service":"vroom-backend","timestamp":"2026-01-01 07:23:26"}
{"level":"info","message":"block status checking..................","service":"vroom-backend","timestamp":"2026-01-01 07:23:29"}
{"level":"info","message":"block status checking..................","service":"vroom-backend","timestamp":"2026-01-01 07:23:30"}
{"level":"info","message":"featuredcars","service":"vroom-backend","timestamp":"2026-01-01 07:23:30"}
{"level":"info","message":"reached at getAllCars controller","service":"vroom-backend","timestamp":"2026-01-01 07:23:35"}
{"0":"T","1":"o","2":"t","3":"a","4":"l","5":":","level":"info","message":"Cars:","service":"vroom-backend","timestamp":"2026-01-01 07:23:35"}
{"0":{"end":"2025-12-19T18:29:59.999Z","start":"2025-12-19T00:00:00.000Z"},"1":{"end":"2025-12-11T18:29:59.999Z","start":"2025-12-11T00:00:00.000Z"},"2":{"end":"2025-12-13T18:29:59.999Z","start":"2025-12-13T00:00:00.000Z"},"3":{"end":"2025-12-30T18:29:59.999Z","start":"2025-12-30T00:00:00.000Z"},"level":"info","message":"bookedRanges","service":"vroom-backend","timestamp":"2026-01-01 07:23:37"}
{"0":{"end":"2025-12-19T18:29:59.999Z","start":"2025-12-19T00:00:00.000Z"},"1":{"end":"2025-12-11T18:29:59.999Z","start":"2025-12-11T00:00:00.000Z"},"2":{"end":"2025-12-13T18:29:59.999Z","start":"2025-12-13T00:00:00.000Z"},"3":{"end":"2025-12-30T18:29:59.999Z","start":"2025-12-30T00:00:00.000Z"},"level":"info","message":"bookedRanges","service":"vroom-backend","timestamp":"2026-01-01 07:23:37"}
{"level":"info","message":"block status checking..................","service":"vroom-backend","timestamp":"2026-01-01 07:23:39"}
